# JRE version: Java(TM) SE Runtime Environment (8.0_65-b17) (build 1.8.0_65-b17)
# Java VM: Java HotSpot(TM) 64-Bit Server VM (25.65-b01 mixed mode windows-amd64 compressed oops)
Heap:
 PSYoungGen      total 170496K, used 65478K [0x00000000eab00000, 0x00000000f5d00000, 0x0000000100000000)
  eden space 158720K, 41% used [0x00000000eab00000,0x00000000eeaf1b48,0x00000000f4600000)
  from space 11776K, 0% used [0x00000000f4600000,0x00000000f4600000,0x00000000f5180000)
  to   space 10240K, 0% used [0x00000000f5200000,0x00000000f5200000,0x00000000f5c00000)
 ParOldGen       total 91136K, used 20372K [0x00000000c0000000, 0x00000000c5900000, 0x00000000eab00000)
  object space 91136K, 22% used [0x00000000c0000000,0x00000000c13e5358,0x00000000c5900000)
 Metaspace       used 37064K, capacity 38188K, committed 38488K, reserved 1083392K
  class space    used 4889K, capacity 5347K, committed 5464K, reserved 1048576K
GC Heap History (10 events):
Event: 5.992 GC heap before
{Heap before GC invocations=9 (full 1):
 PSYoungGen      total 68608K, used 57696K [0x00000000eab00000, 0x00000000f2b80000, 0x0000000100000000)
  eden space 56832K, 100% used [0x00000000eab00000,0x00000000ee280000,0x00000000ee280000)
  from space 11776K, 7% used [0x00000000ee280000,0x00000000ee358040,0x00000000eee00000)
  to   space 11776K, 0% used [0x00000000f2000000,0x00000000f2000000,0x00000000f2b80000)
 ParOldGen       total 65024K, used 8335K [0x00000000c0000000, 0x00000000c3f80000, 0x00000000eab00000)
  object space 65024K, 12% used [0x00000000c0000000,0x00000000c0823f48,0x00000000c3f80000)
 Metaspace       used 23945K, capacity 24678K, committed 24960K, reserved 1071104K
  class space    used 3119K, capacity 3380K, committed 3456K, reserved 1048576K
Event: 6.010 GC heap after
Heap after GC invocations=9 (full 1):
 PSYoungGen      total 115712K, used 4074K [0x00000000eab00000, 0x00000000f2900000, 0x0000000100000000)
  eden space 106496K, 0% used [0x00000000eab00000,0x00000000eab00000,0x00000000f1300000)
  from space 9216K, 44% used [0x00000000f2000000,0x00000000f23fa848,0x00000000f2900000)
  to   space 11264K, 0% used [0x00000000f1300000,0x00000000f1300000,0x00000000f1e00000)
 ParOldGen       total 65024K, used 8343K [0x00000000c0000000, 0x00000000c3f80000, 0x00000000eab00000)
  object space 65024K, 12% used [0x00000000c0000000,0x00000000c0825f48,0x00000000c3f80000)
 Metaspace       used 23945K, capacity 24678K, committed 24960K, reserved 1071104K
  class space    used 3119K, capacity 3380K, committed 3456K, reserved 1048576K
}
Event: 6.854 GC heap before
{Heap before GC invocations=10 (full 1):
 PSYoungGen      total 115712K, used 110570K [0x00000000eab00000, 0x00000000f2900000, 0x0000000100000000)
  eden space 106496K, 100% used [0x00000000eab00000,0x00000000f1300000,0x00000000f1300000)
  from space 9216K, 44% used [0x00000000f2000000,0x00000000f23fa848,0x00000000f2900000)
  to   space 11264K, 0% used [0x00000000f1300000,0x00000000f1300000,0x00000000f1e00000)
 ParOldGen       total 65024K, used 8343K [0x00000000c0000000, 0x00000000c3f80000, 0x00000000eab00000)
  object space 65024K, 12% used [0x00000000c0000000,0x00000000c0825f48,0x00000000c3f80000)
 Metaspace       used 25096K, capacity 25874K, committed 26112K, reserved 1071104K
  class space    used 3289K, capacity 3543K, committed 3584K, reserved 1048576K
Event: 6.863 GC heap after
Heap after GC invocations=10 (full 1):
 PSYoungGen      total 117760K, used 4545K [0x00000000eab00000, 0x00000000f5c00000, 0x0000000100000000)
  eden space 106496K, 0% used [0x00000000eab00000,0x00000000eab00000,0x00000000f1300000)
  from space 11264K, 40% used [0x00000000f1300000,0x00000000f1770440,0x00000000f1e00000)
  to   space 10240K, 0% used [0x00000000f5200000,0x00000000f5200000,0x00000000f5c00000)
 ParOldGen       total 65024K, used 8839K [0x00000000c0000000, 0x00000000c3f80000, 0x00000000eab00000)
  object space 65024K, 13% used [0x00000000c0000000,0x00000000c08a1f88,0x00000000c3f80000)
 Metaspace       used 25096K, capacity 25874K, committed 26112K, reserved 1071104K
  class space    used 3289K, capacity 3543K, committed 3584K, reserved 1048576K
}
Event: 8.516 GC heap before
{Heap before GC invocations=11 (full 1):
 PSYoungGen      total 117760K, used 111041K [0x00000000eab00000, 0x00000000f5c00000, 0x0000000100000000)
  eden space 106496K, 100% used [0x00000000eab00000,0x00000000f1300000,0x00000000f1300000)
  from space 11264K, 40% used [0x00000000f1300000,0x00000000f1770440,0x00000000f1e00000)
  to   space 10240K, 0% used [0x00000000f5200000,0x00000000f5200000,0x00000000f5c00000)
 ParOldGen       total 65024K, used 8839K [0x00000000c0000000, 0x00000000c3f80000, 0x00000000eab00000)
  object space 65024K, 13% used [0x00000000c0000000,0x00000000c08a1f88,0x00000000c3f80000)
 Metaspace       used 29153K, capacity 30226K, committed 30464K, reserved 1075200K
  class space    used 3844K, capacity 4236K, committed 4352K, reserved 1048576K
Event: 8.530 GC heap after
Heap after GC invocations=11 (full 1):
 PSYoungGen      total 168960K, used 8826K [0x00000000eab00000, 0x00000000f5d00000, 0x0000000100000000)
  eden space 158720K, 0% used [0x00000000eab00000,0x00000000eab00000,0x00000000f4600000)
  from space 10240K, 86% used [0x00000000f5200000,0x00000000f5a9eaf0,0x00000000f5c00000)
  to   space 11776K, 0% used [0x00000000f4600000,0x00000000f4600000,0x00000000f5180000)
 ParOldGen       total 65024K, used 10974K [0x00000000c0000000, 0x00000000c3f80000, 0x00000000eab00000)
  object space 65024K, 16% used [0x00000000c0000000,0x00000000c0ab79c0,0x00000000c3f80000)
 Metaspace       used 29153K, capacity 30226K, committed 30464K, reserved 1075200K
  class space    used 3844K, capacity 4236K, committed 4352K, reserved 1048576K
}
Event: 12.890 GC heap before
{Heap before GC invocations=12 (full 1):
 PSYoungGen      total 168960K, used 72636K [0x00000000eab00000, 0x00000000f5d00000, 0x0000000100000000)
  eden space 158720K, 40% used [0x00000000eab00000,0x00000000ee9507a0,0x00000000f4600000)
  from space 10240K, 86% used [0x00000000f5200000,0x00000000f5a9eaf0,0x00000000f5c00000)
  to   space 11776K, 0% used [0x00000000f4600000,0x00000000f4600000,0x00000000f5180000)
 ParOldGen       total 65024K, used 10974K [0x00000000c0000000, 0x00000000c3f80000, 0x00000000eab00000)
  object space 65024K, 16% used [0x00000000c0000000,0x00000000c0ab79c0,0x00000000c3f80000)
 Metaspace       used 34138K, capacity 35326K, committed 35416K, reserved 1079296K
  class space    used 4434K, capacity 4902K, committed 4952K, reserved 1048576K
Event: 12.900 GC heap after
Heap after GC invocations=12 (full 1):
 PSYoungGen      total 170496K, used 6293K [0x00000000eab00000, 0x00000000f5d00000, 0x0000000100000000)
  eden space 158720K, 0% used [0x00000000eab00000,0x00000000eab00000,0x00000000f4600000)
  from space 11776K, 53% used [0x00000000f4600000,0x00000000f4c25678,0x00000000f5180000)
  to   space 10240K, 0% used [0x00000000f5200000,0x00000000f5200000,0x00000000f5c00000)
 ParOldGen       total 65024K, used 16559K [0x00000000c0000000, 0x00000000c3f80000, 0x00000000eab00000)
  object space 65024K, 25% used [0x00000000c0000000,0x00000000c102be80,0x00000000c3f80000)
 Metaspace       used 34138K, capacity 35326K, committed 35416K, reserved 1079296K
  class space    used 4434K, capacity 4902K, committed 4952K, reserved 1048576K
}
Event: 12.900 GC heap before
{Heap before GC invocations=13 (full 2):
 PSYoungGen      total 170496K, used 6293K [0x00000000eab00000, 0x00000000f5d00000, 0x0000000100000000)
  eden space 158720K, 0% used [0x00000000eab00000,0x00000000eab00000,0x00000000f4600000)
  from space 11776K, 53% used [0x00000000f4600000,0x00000000f4c25678,0x00000000f5180000)
  to   space 10240K, 0% used [0x00000000f5200000,0x00000000f5200000,0x00000000f5c00000)
 ParOldGen       total 65024K, used 16559K [0x00000000c0000000, 0x00000000c3f80000, 0x00000000eab00000)
  object space 65024K, 25% used [0x00000000c0000000,0x00000000c102be80,0x00000000c3f80000)
 Metaspace       used 34138K, capacity 35326K, committed 35416K, reserved 1079296K
  class space    used 4434K, capacity 4902K, committed 4952K, reserved 1048576K
Event: 12.984 GC heap after
Heap after GC invocations=13 (full 2):
 PSYoungGen      total 170496K, used 0K [0x00000000eab00000, 0x00000000f5d00000, 0x0000000100000000)
  eden space 158720K, 0% used [0x00000000eab00000,0x00000000eab00000,0x00000000f4600000)
  from space 11776K, 0% used [0x00000000f4600000,0x00000000f4600000,0x00000000f5180000)
  to   space 10240K, 0% used [0x00000000f5200000,0x00000000f5200000,0x00000000f5c00000)
 ParOldGen       total 91136K, used 20372K [0x00000000c0000000, 0x00000000c5900000, 0x00000000eab00000)
  object space 91136K, 22% used [0x00000000c0000000,0x00000000c13e5358,0x00000000c5900000)
 Metaspace       used 34013K, capacity 34978K, committed 35416K, reserved 1079296K
  class space    used 4407K, capacity 4794K, committed 4952K, reserved 1048576K
}

