# JRE version: Java(TM) SE Runtime Environment (8.0_65-b17) (build 1.8.0_65-b17)
# Java VM: Java HotSpot(TM) 64-Bit Server VM (25.65-b01 mixed mode windows-amd64 compressed oops)
Heap:
 PSYoungGen      total 116736K, used 35391K [0x00000000eab00000, 0x00000000f2900000, 0x0000000100000000)
  eden space 105984K, 33% used [0x00000000eab00000,0x00000000ecd8fee0,0x00000000f1280000)
  from space 10752K, 0% used [0x00000000f1c80000,0x00000000f1c80000,0x00000000f2700000)
  to   space 10240K, 0% used [0x00000000f1280000,0x00000000f1280000,0x00000000f1c80000)
 ParOldGen       total 64000K, used 20195K [0x00000000c0000000, 0x00000000c3e80000, 0x00000000eab00000)
  object space 64000K, 31% used [0x00000000c0000000,0x00000000c13b8df0,0x00000000c3e80000)
 Metaspace       used 35993K, capacity 37010K, committed 37208K, reserved 1081344K
  class space    used 4699K, capacity 5128K, committed 5208K, reserved 1048576K
GC Heap History (10 events):
Event: 6.662 GC heap before
{Heap before GC invocations=12 (full 1):
 PSYoungGen      total 116736K, used 109568K [0x00000000eab00000, 0x00000000f2900000, 0x0000000100000000)
  eden space 105984K, 100% used [0x00000000eab00000,0x00000000f1280000,0x00000000f1280000)
  from space 10752K, 33% used [0x00000000f1c80000,0x00000000f2000030,0x00000000f2700000)
  to   space 10240K, 0% used [0x00000000f1280000,0x00000000f1280000,0x00000000f1c80000)
 ParOldGen       total 64000K, used 8704K [0x00000000c0000000, 0x00000000c3e80000, 0x00000000eab00000)
  object space 64000K, 13% used [0x00000000c0000000,0x00000000c0880270,0x00000000c3e80000)
 Metaspace       used 31369K, capacity 32460K, committed 32640K, reserved 1077248K
  class space    used 4061K, capacity 4466K, committed 4480K, reserved 1048576K
Event: 6.676 GC heap after
Heap after GC invocations=12 (full 1):
 PSYoungGen      total 116224K, used 10236K [0x00000000eab00000, 0x00000000f2900000, 0x0000000100000000)
  eden space 105984K, 0% used [0x00000000eab00000,0x00000000eab00000,0x00000000f1280000)
  from space 10240K, 99% used [0x00000000f1280000,0x00000000f1c7f390,0x00000000f1c80000)
  to   space 10752K, 0% used [0x00000000f1c80000,0x00000000f1c80000,0x00000000f2700000)
 ParOldGen       total 64000K, used 11035K [0x00000000c0000000, 0x00000000c3e80000, 0x00000000eab00000)
  object space 64000K, 17% used [0x00000000c0000000,0x00000000c0ac6e60,0x00000000c3e80000)
 Metaspace       used 31369K, capacity 32460K, committed 32640K, reserved 1077248K
  class space    used 4061K, capacity 4466K, committed 4480K, reserved 1048576K
}
Event: 8.197 GC heap before
{Heap before GC invocations=13 (full 1):
 PSYoungGen      total 116224K, used 116220K [0x00000000eab00000, 0x00000000f2900000, 0x0000000100000000)
  eden space 105984K, 100% used [0x00000000eab00000,0x00000000f1280000,0x00000000f1280000)
  from space 10240K, 99% used [0x00000000f1280000,0x00000000f1c7f390,0x00000000f1c80000)
  to   space 10752K, 0% used [0x00000000f1c80000,0x00000000f1c80000,0x00000000f2700000)
 ParOldGen       total 64000K, used 11035K [0x00000000c0000000, 0x00000000c3e80000, 0x00000000eab00000)
  object space 64000K, 17% used [0x00000000c0000000,0x00000000c0ac6e60,0x00000000c3e80000)
 Metaspace       used 31992K, capacity 33194K, committed 33280K, reserved 1077248K
  class space    used 4129K, capacity 4598K, committed 4608K, reserved 1048576K
Event: 8.213 GC heap after
Heap after GC invocations=13 (full 1):
 PSYoungGen      total 116736K, used 7468K [0x00000000eab00000, 0x00000000f2900000, 0x0000000100000000)
  eden space 105984K, 0% used [0x00000000eab00000,0x00000000eab00000,0x00000000f1280000)
  from space 10752K, 69% used [0x00000000f1c80000,0x00000000f23cb318,0x00000000f2700000)
  to   space 10240K, 0% used [0x00000000f1280000,0x00000000f1280000,0x00000000f1c80000)
 ParOldGen       total 64000K, used 13719K [0x00000000c0000000, 0x00000000c3e80000, 0x00000000eab00000)
  object space 64000K, 21% used [0x00000000c0000000,0x00000000c0d65ce8,0x00000000c3e80000)
 Metaspace       used 31992K, capacity 33194K, committed 33280K, reserved 1077248K
  class space    used 4129K, capacity 4598K, committed 4608K, reserved 1048576K
}
Event: 8.475 GC heap before
{Heap before GC invocations=14 (full 1):
 PSYoungGen      total 116736K, used 113452K [0x00000000eab00000, 0x00000000f2900000, 0x0000000100000000)
  eden space 105984K, 100% used [0x00000000eab00000,0x00000000f1280000,0x00000000f1280000)
  from space 10752K, 69% used [0x00000000f1c80000,0x00000000f23cb318,0x00000000f2700000)
  to   space 10240K, 0% used [0x00000000f1280000,0x00000000f1280000,0x00000000f1c80000)
 ParOldGen       total 64000K, used 13719K [0x00000000c0000000, 0x00000000c3e80000, 0x00000000eab00000)
  object space 64000K, 21% used [0x00000000c0000000,0x00000000c0d65ce8,0x00000000c3e80000)
 Metaspace       used 31992K, capacity 33194K, committed 33280K, reserved 1077248K
  class space    used 4129K, capacity 4598K, committed 4608K, reserved 1048576K
Event: 8.487 GC heap after
Heap after GC invocations=14 (full 1):
 PSYoungGen      total 116224K, used 2240K [0x00000000eab00000, 0x00000000f2900000, 0x0000000100000000)
  eden space 105984K, 0% used [0x00000000eab00000,0x00000000eab00000,0x00000000f1280000)
  from space 10240K, 21% used [0x00000000f1280000,0x00000000f14b0000,0x00000000f1c80000)
  to   space 10752K, 0% used [0x00000000f1c80000,0x00000000f1c80000,0x00000000f2700000)
 ParOldGen       total 64000K, used 19107K [0x00000000c0000000, 0x00000000c3e80000, 0x00000000eab00000)
  object space 64000K, 29% used [0x00000000c0000000,0x00000000c12a8da8,0x00000000c3e80000)
 Metaspace       used 31992K, capacity 33194K, committed 33280K, reserved 1077248K
  class space    used 4129K, capacity 4598K, committed 4608K, reserved 1048576K
}
Event: 8.865 GC heap before
{Heap before GC invocations=15 (full 1):
 PSYoungGen      total 116224K, used 59082K [0x00000000eab00000, 0x00000000f2900000, 0x0000000100000000)
  eden space 105984K, 53% used [0x00000000eab00000,0x00000000ee282970,0x00000000f1280000)
  from space 10240K, 21% used [0x00000000f1280000,0x00000000f14b0000,0x00000000f1c80000)
  to   space 10752K, 0% used [0x00000000f1c80000,0x00000000f1c80000,0x00000000f2700000)
 ParOldGen       total 64000K, used 19107K [0x00000000c0000000, 0x00000000c3e80000, 0x00000000eab00000)
  object space 64000K, 29% used [0x00000000c0000000,0x00000000c12a8da8,0x00000000c3e80000)
 Metaspace       used 34104K, capacity 35344K, committed 35416K, reserved 1079296K
  class space    used 4416K, capacity 4904K, committed 4952K, reserved 1048576K
Event: 8.884 GC heap after
Heap after GC invocations=15 (full 1):
 PSYoungGen      total 116736K, used 3477K [0x00000000eab00000, 0x00000000f2900000, 0x0000000100000000)
  eden space 105984K, 0% used [0x00000000eab00000,0x00000000eab00000,0x00000000f1280000)
  from space 10752K, 32% used [0x00000000f1c80000,0x00000000f1fe5458,0x00000000f2700000)
  to   space 10240K, 0% used [0x00000000f1280000,0x00000000f1280000,0x00000000f1c80000)
 ParOldGen       total 64000K, used 21155K [0x00000000c0000000, 0x00000000c3e80000, 0x00000000eab00000)
  object space 64000K, 33% used [0x00000000c0000000,0x00000000c14a8de8,0x00000000c3e80000)
 Metaspace       used 34104K, capacity 35344K, committed 35416K, reserved 1079296K
  class space    used 4416K, capacity 4904K, committed 4952K, reserved 1048576K
}
Event: 8.884 GC heap before
{Heap before GC invocations=16 (full 2):
 PSYoungGen      total 116736K, used 3477K [0x00000000eab00000, 0x00000000f2900000, 0x0000000100000000)
  eden space 105984K, 0% used [0x00000000eab00000,0x00000000eab00000,0x00000000f1280000)
  from space 10752K, 32% used [0x00000000f1c80000,0x00000000f1fe5458,0x00000000f2700000)
  to   space 10240K, 0% used [0x00000000f1280000,0x00000000f1280000,0x00000000f1c80000)
 ParOldGen       total 64000K, used 21155K [0x00000000c0000000, 0x00000000c3e80000, 0x00000000eab00000)
  object space 64000K, 33% used [0x00000000c0000000,0x00000000c14a8de8,0x00000000c3e80000)
 Metaspace       used 34104K, capacity 35344K, committed 35416K, reserved 1079296K
  class space    used 4416K, capacity 4904K, committed 4952K, reserved 1048576K
Event: 8.995 GC heap after
Heap after GC invocations=16 (full 2):
 PSYoungGen      total 116736K, used 0K [0x00000000eab00000, 0x00000000f2900000, 0x0000000100000000)
  eden space 105984K, 0% used [0x00000000eab00000,0x00000000eab00000,0x00000000f1280000)
  from space 10752K, 0% used [0x00000000f1c80000,0x00000000f1c80000,0x00000000f2700000)
  to   space 10240K, 0% used [0x00000000f1280000,0x00000000f1280000,0x00000000f1c80000)
 ParOldGen       total 64000K, used 20195K [0x00000000c0000000, 0x00000000c3e80000, 0x00000000eab00000)
  object space 64000K, 31% used [0x00000000c0000000,0x00000000c13b8df0,0x00000000c3e80000)
 Metaspace       used 33940K, capacity 34882K, committed 35416K, reserved 1079296K
  class space    used 4380K, capacity 4762K, committed 4952K, reserved 1048576K
}

